<?xml version="1.0" encoding="UTF-8"?>
<testsuite xmlns:xsi="http://www.w3.org/2001/XMLSchema-instance" xsi:noNamespaceSchemaLocation="https://maven.apache.org/surefire/maven-surefire-plugin/xsd/surefire-test-report.xsd" version="3.0.2" name="com.example.order_service.OrderServiceApplicationTests" time="0.24" tests="1" errors="1" skipped="0" failures="0">
  <properties>
    <property name="java.specification.version" value="17"/>
    <property name="sun.jnu.encoding" value="UTF-8"/>
    <property name="java.class.path" value="/home/dell-l-58/Desktop/order-service/target/test-classes:/home/dell-l-58/Desktop/order-service/target/classes:/home/dell-l-58/.m2/repository/org/springframework/boot/spring-boot-starter-web/3.4.6/spring-boot-starter-web-3.4.6.jar:/home/dell-l-58/.m2/repository/org/springframework/boot/spring-boot-starter/3.4.6/spring-boot-starter-3.4.6.jar:/home/dell-l-58/.m2/repository/org/springframework/boot/spring-boot/3.4.6/spring-boot-3.4.6.jar:/home/dell-l-58/.m2/repository/org/springframework/boot/spring-boot-autoconfigure/3.4.6/spring-boot-autoconfigure-3.4.6.jar:/home/dell-l-58/.m2/repository/org/springframework/boot/spring-boot-starter-logging/3.4.6/spring-boot-starter-logging-3.4.6.jar:/home/dell-l-58/.m2/repository/ch/qos/logback/logback-classic/1.5.18/logback-classic-1.5.18.jar:/home/dell-l-58/.m2/repository/ch/qos/logback/logback-core/1.5.18/logback-core-1.5.18.jar:/home/dell-l-58/.m2/repository/org/apache/logging/log4j/log4j-to-slf4j/2.24.3/log4j-to-slf4j-2.24.3.jar:/home/dell-l-58/.m2/repository/org/apache/logging/log4j/log4j-api/2.24.3/log4j-api-2.24.3.jar:/home/dell-l-58/.m2/repository/org/slf4j/jul-to-slf4j/2.0.17/jul-to-slf4j-2.0.17.jar:/home/dell-l-58/.m2/repository/jakarta/annotation/jakarta.annotation-api/2.1.1/jakarta.annotation-api-2.1.1.jar:/home/dell-l-58/.m2/repository/org/yaml/snakeyaml/2.3/snakeyaml-2.3.jar:/home/dell-l-58/.m2/repository/org/springframework/boot/spring-boot-starter-json/3.4.6/spring-boot-starter-json-3.4.6.jar:/home/dell-l-58/.m2/repository/com/fasterxml/jackson/core/jackson-databind/2.18.4/jackson-databind-2.18.4.jar:/home/dell-l-58/.m2/repository/com/fasterxml/jackson/core/jackson-annotations/2.18.4/jackson-annotations-2.18.4.jar:/home/dell-l-58/.m2/repository/com/fasterxml/jackson/core/jackson-core/2.18.4/jackson-core-2.18.4.jar:/home/dell-l-58/.m2/repository/com/fasterxml/jackson/datatype/jackson-datatype-jdk8/2.18.4/jackson-datatype-jdk8-2.18.4.jar:/home/dell-l-58/.m2/repository/com/fasterxml/jackson/datatype/jackson-datatype-jsr310/2.18.4/jackson-datatype-jsr310-2.18.4.jar:/home/dell-l-58/.m2/repository/com/fasterxml/jackson/module/jackson-module-parameter-names/2.18.4/jackson-module-parameter-names-2.18.4.jar:/home/dell-l-58/.m2/repository/org/springframework/boot/spring-boot-starter-tomcat/3.4.6/spring-boot-starter-tomcat-3.4.6.jar:/home/dell-l-58/.m2/repository/org/apache/tomcat/embed/tomcat-embed-core/10.1.41/tomcat-embed-core-10.1.41.jar:/home/dell-l-58/.m2/repository/org/apache/tomcat/embed/tomcat-embed-el/10.1.41/tomcat-embed-el-10.1.41.jar:/home/dell-l-58/.m2/repository/org/apache/tomcat/embed/tomcat-embed-websocket/10.1.41/tomcat-embed-websocket-10.1.41.jar:/home/dell-l-58/.m2/repository/org/springframework/spring-web/6.2.7/spring-web-6.2.7.jar:/home/dell-l-58/.m2/repository/org/springframework/spring-beans/6.2.7/spring-beans-6.2.7.jar:/home/dell-l-58/.m2/repository/io/micrometer/micrometer-observation/1.14.7/micrometer-observation-1.14.7.jar:/home/dell-l-58/.m2/repository/io/micrometer/micrometer-commons/1.14.7/micrometer-commons-1.14.7.jar:/home/dell-l-58/.m2/repository/org/springframework/spring-webmvc/6.2.7/spring-webmvc-6.2.7.jar:/home/dell-l-58/.m2/repository/org/springframework/spring-aop/6.2.7/spring-aop-6.2.7.jar:/home/dell-l-58/.m2/repository/org/springframework/spring-context/6.2.7/spring-context-6.2.7.jar:/home/dell-l-58/.m2/repository/org/springframework/spring-expression/6.2.7/spring-expression-6.2.7.jar:/home/dell-l-58/.m2/repository/org/springframework/boot/spring-boot-starter-data-jpa/3.4.6/spring-boot-starter-data-jpa-3.4.6.jar:/home/dell-l-58/.m2/repository/org/springframework/boot/spring-boot-starter-jdbc/3.4.6/spring-boot-starter-jdbc-3.4.6.jar:/home/dell-l-58/.m2/repository/com/zaxxer/HikariCP/5.1.0/HikariCP-5.1.0.jar:/home/dell-l-58/.m2/repository/org/springframework/spring-jdbc/6.2.7/spring-jdbc-6.2.7.jar:/home/dell-l-58/.m2/repository/org/hibernate/orm/hibernate-core/6.6.15.Final/hibernate-core-6.6.15.Final.jar:/home/dell-l-58/.m2/repository/jakarta/persistence/jakarta.persistence-api/3.1.0/jakarta.persistence-api-3.1.0.jar:/home/dell-l-58/.m2/repository/jakarta/transaction/jakarta.transaction-api/2.0.1/jakarta.transaction-api-2.0.1.jar:/home/dell-l-58/.m2/repository/org/jboss/logging/jboss-logging/3.6.1.Final/jboss-logging-3.6.1.Final.jar:/home/dell-l-58/.m2/repository/org/hibernate/common/hibernate-commons-annotations/7.0.3.Final/hibernate-commons-annotations-7.0.3.Final.jar:/home/dell-l-58/.m2/repository/io/smallrye/jandex/3.2.0/jandex-3.2.0.jar:/home/dell-l-58/.m2/repository/com/fasterxml/classmate/1.7.0/classmate-1.7.0.jar:/home/dell-l-58/.m2/repository/net/bytebuddy/byte-buddy/1.15.11/byte-buddy-1.15.11.jar:/home/dell-l-58/.m2/repository/org/glassfish/jaxb/jaxb-runtime/4.0.5/jaxb-runtime-4.0.5.jar:/home/dell-l-58/.m2/repository/org/glassfish/jaxb/jaxb-core/4.0.5/jaxb-core-4.0.5.jar:/home/dell-l-58/.m2/repository/org/eclipse/angus/angus-activation/2.0.2/angus-activation-2.0.2.jar:/home/dell-l-58/.m2/repository/org/glassfish/jaxb/txw2/4.0.5/txw2-4.0.5.jar:/home/dell-l-58/.m2/repository/com/sun/istack/istack-commons-runtime/4.1.2/istack-commons-runtime-4.1.2.jar:/home/dell-l-58/.m2/repository/jakarta/inject/jakarta.inject-api/2.0.1/jakarta.inject-api-2.0.1.jar:/home/dell-l-58/.m2/repository/org/antlr/antlr4-runtime/4.13.0/antlr4-runtime-4.13.0.jar:/home/dell-l-58/.m2/repository/org/springframework/data/spring-data-jpa/3.4.6/spring-data-jpa-3.4.6.jar:/home/dell-l-58/.m2/repository/org/springframework/data/spring-data-commons/3.4.6/spring-data-commons-3.4.6.jar:/home/dell-l-58/.m2/repository/org/springframework/spring-orm/6.2.7/spring-orm-6.2.7.jar:/home/dell-l-58/.m2/repository/org/springframework/spring-tx/6.2.7/spring-tx-6.2.7.jar:/home/dell-l-58/.m2/repository/org/slf4j/slf4j-api/2.0.17/slf4j-api-2.0.17.jar:/home/dell-l-58/.m2/repository/org/springframework/spring-aspects/6.2.7/spring-aspects-6.2.7.jar:/home/dell-l-58/.m2/repository/org/aspectj/aspectjweaver/1.9.24/aspectjweaver-1.9.24.jar:/home/dell-l-58/.m2/repository/com/mysql/mysql-connector-j/9.1.0/mysql-connector-j-9.1.0.jar:/home/dell-l-58/.m2/repository/org/springframework/cloud/spring-cloud-starter-openfeign/4.1.0/spring-cloud-starter-openfeign-4.1.0.jar:/home/dell-l-58/.m2/repository/org/springframework/cloud/spring-cloud-starter/4.1.0/spring-cloud-starter-4.1.0.jar:/home/dell-l-58/.m2/repository/org/springframework/cloud/spring-cloud-context/4.1.0/spring-cloud-context-4.1.0.jar:/home/dell-l-58/.m2/repository/org/springframework/security/spring-security-rsa/1.1.1/spring-security-rsa-1.1.1.jar:/home/dell-l-58/.m2/repository/org/bouncycastle/bcprov-jdk18on/1.74/bcprov-jdk18on-1.74.jar:/home/dell-l-58/.m2/repository/org/springframework/cloud/spring-cloud-openfeign-core/4.1.0/spring-cloud-openfeign-core-4.1.0.jar:/home/dell-l-58/.m2/repository/org/springframework/boot/spring-boot-starter-aop/3.4.6/spring-boot-starter-aop-3.4.6.jar:/home/dell-l-58/.m2/repository/io/github/openfeign/form/feign-form-spring/3.8.0/feign-form-spring-3.8.0.jar:/home/dell-l-58/.m2/repository/io/github/openfeign/form/feign-form/3.8.0/feign-form-3.8.0.jar:/home/dell-l-58/.m2/repository/commons-fileupload/commons-fileupload/1.5/commons-fileupload-1.5.jar:/home/dell-l-58/.m2/repository/commons-io/commons-io/2.11.0/commons-io-2.11.0.jar:/home/dell-l-58/.m2/repository/org/springframework/cloud/spring-cloud-commons/4.1.0/spring-cloud-commons-4.1.0.jar:/home/dell-l-58/.m2/repository/org/springframework/security/spring-security-crypto/6.4.6/spring-security-crypto-6.4.6.jar:/home/dell-l-58/.m2/repository/io/github/openfeign/feign-core/13.1/feign-core-13.1.jar:/home/dell-l-58/.m2/repository/io/github/openfeign/feign-slf4j/13.1/feign-slf4j-13.1.jar:/home/dell-l-58/.m2/repository/org/springframework/boot/spring-boot-starter-test/3.4.6/spring-boot-starter-test-3.4.6.jar:/home/dell-l-58/.m2/repository/org/springframework/boot/spring-boot-test/3.4.6/spring-boot-test-3.4.6.jar:/home/dell-l-58/.m2/repository/org/springframework/boot/spring-boot-test-autoconfigure/3.4.6/spring-boot-test-autoconfigure-3.4.6.jar:/home/dell-l-58/.m2/repository/com/jayway/jsonpath/json-path/2.9.0/json-path-2.9.0.jar:/home/dell-l-58/.m2/repository/jakarta/xml/bind/jakarta.xml.bind-api/4.0.2/jakarta.xml.bind-api-4.0.2.jar:/home/dell-l-58/.m2/repository/jakarta/activation/jakarta.activation-api/2.1.3/jakarta.activation-api-2.1.3.jar:/home/dell-l-58/.m2/repository/net/minidev/json-smart/2.5.2/json-smart-2.5.2.jar:/home/dell-l-58/.m2/repository/net/minidev/accessors-smart/2.5.2/accessors-smart-2.5.2.jar:/home/dell-l-58/.m2/repository/org/ow2/asm/asm/9.7.1/asm-9.7.1.jar:/home/dell-l-58/.m2/repository/org/assertj/assertj-core/3.26.3/assertj-core-3.26.3.jar:/home/dell-l-58/.m2/repository/org/awaitility/awaitility/4.2.2/awaitility-4.2.2.jar:/home/dell-l-58/.m2/repository/org/hamcrest/hamcrest/2.2/hamcrest-2.2.jar:/home/dell-l-58/.m2/repository/org/junit/jupiter/junit-jupiter/5.11.4/junit-jupiter-5.11.4.jar:/home/dell-l-58/.m2/repository/org/junit/jupiter/junit-jupiter-api/5.11.4/junit-jupiter-api-5.11.4.jar:/home/dell-l-58/.m2/repository/org/opentest4j/opentest4j/1.3.0/opentest4j-1.3.0.jar:/home/dell-l-58/.m2/repository/org/junit/platform/junit-platform-commons/1.11.4/junit-platform-commons-1.11.4.jar:/home/dell-l-58/.m2/repository/org/apiguardian/apiguardian-api/1.1.2/apiguardian-api-1.1.2.jar:/home/dell-l-58/.m2/repository/org/junit/jupiter/junit-jupiter-params/5.11.4/junit-jupiter-params-5.11.4.jar:/home/dell-l-58/.m2/repository/org/junit/jupiter/junit-jupiter-engine/5.11.4/junit-jupiter-engine-5.11.4.jar:/home/dell-l-58/.m2/repository/org/junit/platform/junit-platform-engine/1.11.4/junit-platform-engine-1.11.4.jar:/home/dell-l-58/.m2/repository/org/mockito/mockito-core/5.14.2/mockito-core-5.14.2.jar:/home/dell-l-58/.m2/repository/net/bytebuddy/byte-buddy-agent/1.15.11/byte-buddy-agent-1.15.11.jar:/home/dell-l-58/.m2/repository/org/objenesis/objenesis/3.3/objenesis-3.3.jar:/home/dell-l-58/.m2/repository/org/mockito/mockito-junit-jupiter/5.14.2/mockito-junit-jupiter-5.14.2.jar:/home/dell-l-58/.m2/repository/org/skyscreamer/jsonassert/1.5.3/jsonassert-1.5.3.jar:/home/dell-l-58/.m2/repository/com/vaadin/external/google/android-json/0.0.20131108.vaadin1/android-json-0.0.20131108.vaadin1.jar:/home/dell-l-58/.m2/repository/org/springframework/spring-core/6.2.7/spring-core-6.2.7.jar:/home/dell-l-58/.m2/repository/org/springframework/spring-jcl/6.2.7/spring-jcl-6.2.7.jar:/home/dell-l-58/.m2/repository/org/springframework/spring-test/6.2.7/spring-test-6.2.7.jar:/home/dell-l-58/.m2/repository/org/xmlunit/xmlunit-core/2.10.1/xmlunit-core-2.10.1.jar:"/>
    <property name="java.vm.vendor" value="Ubuntu"/>
    <property name="sun.arch.data.model" value="64"/>
    <property name="java.vendor.url" value="https://ubuntu.com/"/>
    <property name="user.timezone" value="Asia/Kolkata"/>
    <property name="os.name" value="Linux"/>
    <property name="java.vm.specification.version" value="17"/>
    <property name="sun.java.launcher" value="SUN_STANDARD"/>
    <property name="user.country" value="IN"/>
    <property name="sun.boot.library.path" value="/usr/lib/jvm/java-17-openjdk-amd64/lib"/>
    <property name="sun.java.command" value="/home/dell-l-58/Desktop/order-service/target/surefire/surefirebooter-20250606171656013_3.jar /home/dell-l-58/Desktop/order-service/target/surefire 2025-06-06T17-16-55_150-jvmRun1 surefire-20250606171656013_1tmp surefire_0-20250606171656013_2tmp"/>
    <property name="jdk.debug" value="release"/>
    <property name="surefire.test.class.path" value="/home/dell-l-58/Desktop/order-service/target/test-classes:/home/dell-l-58/Desktop/order-service/target/classes:/home/dell-l-58/.m2/repository/org/springframework/boot/spring-boot-starter-web/3.4.6/spring-boot-starter-web-3.4.6.jar:/home/dell-l-58/.m2/repository/org/springframework/boot/spring-boot-starter/3.4.6/spring-boot-starter-3.4.6.jar:/home/dell-l-58/.m2/repository/org/springframework/boot/spring-boot/3.4.6/spring-boot-3.4.6.jar:/home/dell-l-58/.m2/repository/org/springframework/boot/spring-boot-autoconfigure/3.4.6/spring-boot-autoconfigure-3.4.6.jar:/home/dell-l-58/.m2/repository/org/springframework/boot/spring-boot-starter-logging/3.4.6/spring-boot-starter-logging-3.4.6.jar:/home/dell-l-58/.m2/repository/ch/qos/logback/logback-classic/1.5.18/logback-classic-1.5.18.jar:/home/dell-l-58/.m2/repository/ch/qos/logback/logback-core/1.5.18/logback-core-1.5.18.jar:/home/dell-l-58/.m2/repository/org/apache/logging/log4j/log4j-to-slf4j/2.24.3/log4j-to-slf4j-2.24.3.jar:/home/dell-l-58/.m2/repository/org/apache/logging/log4j/log4j-api/2.24.3/log4j-api-2.24.3.jar:/home/dell-l-58/.m2/repository/org/slf4j/jul-to-slf4j/2.0.17/jul-to-slf4j-2.0.17.jar:/home/dell-l-58/.m2/repository/jakarta/annotation/jakarta.annotation-api/2.1.1/jakarta.annotation-api-2.1.1.jar:/home/dell-l-58/.m2/repository/org/yaml/snakeyaml/2.3/snakeyaml-2.3.jar:/home/dell-l-58/.m2/repository/org/springframework/boot/spring-boot-starter-json/3.4.6/spring-boot-starter-json-3.4.6.jar:/home/dell-l-58/.m2/repository/com/fasterxml/jackson/core/jackson-databind/2.18.4/jackson-databind-2.18.4.jar:/home/dell-l-58/.m2/repository/com/fasterxml/jackson/core/jackson-annotations/2.18.4/jackson-annotations-2.18.4.jar:/home/dell-l-58/.m2/repository/com/fasterxml/jackson/core/jackson-core/2.18.4/jackson-core-2.18.4.jar:/home/dell-l-58/.m2/repository/com/fasterxml/jackson/datatype/jackson-datatype-jdk8/2.18.4/jackson-datatype-jdk8-2.18.4.jar:/home/dell-l-58/.m2/repository/com/fasterxml/jackson/datatype/jackson-datatype-jsr310/2.18.4/jackson-datatype-jsr310-2.18.4.jar:/home/dell-l-58/.m2/repository/com/fasterxml/jackson/module/jackson-module-parameter-names/2.18.4/jackson-module-parameter-names-2.18.4.jar:/home/dell-l-58/.m2/repository/org/springframework/boot/spring-boot-starter-tomcat/3.4.6/spring-boot-starter-tomcat-3.4.6.jar:/home/dell-l-58/.m2/repository/org/apache/tomcat/embed/tomcat-embed-core/10.1.41/tomcat-embed-core-10.1.41.jar:/home/dell-l-58/.m2/repository/org/apache/tomcat/embed/tomcat-embed-el/10.1.41/tomcat-embed-el-10.1.41.jar:/home/dell-l-58/.m2/repository/org/apache/tomcat/embed/tomcat-embed-websocket/10.1.41/tomcat-embed-websocket-10.1.41.jar:/home/dell-l-58/.m2/repository/org/springframework/spring-web/6.2.7/spring-web-6.2.7.jar:/home/dell-l-58/.m2/repository/org/springframework/spring-beans/6.2.7/spring-beans-6.2.7.jar:/home/dell-l-58/.m2/repository/io/micrometer/micrometer-observation/1.14.7/micrometer-observation-1.14.7.jar:/home/dell-l-58/.m2/repository/io/micrometer/micrometer-commons/1.14.7/micrometer-commons-1.14.7.jar:/home/dell-l-58/.m2/repository/org/springframework/spring-webmvc/6.2.7/spring-webmvc-6.2.7.jar:/home/dell-l-58/.m2/repository/org/springframework/spring-aop/6.2.7/spring-aop-6.2.7.jar:/home/dell-l-58/.m2/repository/org/springframework/spring-context/6.2.7/spring-context-6.2.7.jar:/home/dell-l-58/.m2/repository/org/springframework/spring-expression/6.2.7/spring-expression-6.2.7.jar:/home/dell-l-58/.m2/repository/org/springframework/boot/spring-boot-starter-data-jpa/3.4.6/spring-boot-starter-data-jpa-3.4.6.jar:/home/dell-l-58/.m2/repository/org/springframework/boot/spring-boot-starter-jdbc/3.4.6/spring-boot-starter-jdbc-3.4.6.jar:/home/dell-l-58/.m2/repository/com/zaxxer/HikariCP/5.1.0/HikariCP-5.1.0.jar:/home/dell-l-58/.m2/repository/org/springframework/spring-jdbc/6.2.7/spring-jdbc-6.2.7.jar:/home/dell-l-58/.m2/repository/org/hibernate/orm/hibernate-core/6.6.15.Final/hibernate-core-6.6.15.Final.jar:/home/dell-l-58/.m2/repository/jakarta/persistence/jakarta.persistence-api/3.1.0/jakarta.persistence-api-3.1.0.jar:/home/dell-l-58/.m2/repository/jakarta/transaction/jakarta.transaction-api/2.0.1/jakarta.transaction-api-2.0.1.jar:/home/dell-l-58/.m2/repository/org/jboss/logging/jboss-logging/3.6.1.Final/jboss-logging-3.6.1.Final.jar:/home/dell-l-58/.m2/repository/org/hibernate/common/hibernate-commons-annotations/7.0.3.Final/hibernate-commons-annotations-7.0.3.Final.jar:/home/dell-l-58/.m2/repository/io/smallrye/jandex/3.2.0/jandex-3.2.0.jar:/home/dell-l-58/.m2/repository/com/fasterxml/classmate/1.7.0/classmate-1.7.0.jar:/home/dell-l-58/.m2/repository/net/bytebuddy/byte-buddy/1.15.11/byte-buddy-1.15.11.jar:/home/dell-l-58/.m2/repository/org/glassfish/jaxb/jaxb-runtime/4.0.5/jaxb-runtime-4.0.5.jar:/home/dell-l-58/.m2/repository/org/glassfish/jaxb/jaxb-core/4.0.5/jaxb-core-4.0.5.jar:/home/dell-l-58/.m2/repository/org/eclipse/angus/angus-activation/2.0.2/angus-activation-2.0.2.jar:/home/dell-l-58/.m2/repository/org/glassfish/jaxb/txw2/4.0.5/txw2-4.0.5.jar:/home/dell-l-58/.m2/repository/com/sun/istack/istack-commons-runtime/4.1.2/istack-commons-runtime-4.1.2.jar:/home/dell-l-58/.m2/repository/jakarta/inject/jakarta.inject-api/2.0.1/jakarta.inject-api-2.0.1.jar:/home/dell-l-58/.m2/repository/org/antlr/antlr4-runtime/4.13.0/antlr4-runtime-4.13.0.jar:/home/dell-l-58/.m2/repository/org/springframework/data/spring-data-jpa/3.4.6/spring-data-jpa-3.4.6.jar:/home/dell-l-58/.m2/repository/org/springframework/data/spring-data-commons/3.4.6/spring-data-commons-3.4.6.jar:/home/dell-l-58/.m2/repository/org/springframework/spring-orm/6.2.7/spring-orm-6.2.7.jar:/home/dell-l-58/.m2/repository/org/springframework/spring-tx/6.2.7/spring-tx-6.2.7.jar:/home/dell-l-58/.m2/repository/org/slf4j/slf4j-api/2.0.17/slf4j-api-2.0.17.jar:/home/dell-l-58/.m2/repository/org/springframework/spring-aspects/6.2.7/spring-aspects-6.2.7.jar:/home/dell-l-58/.m2/repository/org/aspectj/aspectjweaver/1.9.24/aspectjweaver-1.9.24.jar:/home/dell-l-58/.m2/repository/com/mysql/mysql-connector-j/9.1.0/mysql-connector-j-9.1.0.jar:/home/dell-l-58/.m2/repository/org/springframework/cloud/spring-cloud-starter-openfeign/4.1.0/spring-cloud-starter-openfeign-4.1.0.jar:/home/dell-l-58/.m2/repository/org/springframework/cloud/spring-cloud-starter/4.1.0/spring-cloud-starter-4.1.0.jar:/home/dell-l-58/.m2/repository/org/springframework/cloud/spring-cloud-context/4.1.0/spring-cloud-context-4.1.0.jar:/home/dell-l-58/.m2/repository/org/springframework/security/spring-security-rsa/1.1.1/spring-security-rsa-1.1.1.jar:/home/dell-l-58/.m2/repository/org/bouncycastle/bcprov-jdk18on/1.74/bcprov-jdk18on-1.74.jar:/home/dell-l-58/.m2/repository/org/springframework/cloud/spring-cloud-openfeign-core/4.1.0/spring-cloud-openfeign-core-4.1.0.jar:/home/dell-l-58/.m2/repository/org/springframework/boot/spring-boot-starter-aop/3.4.6/spring-boot-starter-aop-3.4.6.jar:/home/dell-l-58/.m2/repository/io/github/openfeign/form/feign-form-spring/3.8.0/feign-form-spring-3.8.0.jar:/home/dell-l-58/.m2/repository/io/github/openfeign/form/feign-form/3.8.0/feign-form-3.8.0.jar:/home/dell-l-58/.m2/repository/commons-fileupload/commons-fileupload/1.5/commons-fileupload-1.5.jar:/home/dell-l-58/.m2/repository/commons-io/commons-io/2.11.0/commons-io-2.11.0.jar:/home/dell-l-58/.m2/repository/org/springframework/cloud/spring-cloud-commons/4.1.0/spring-cloud-commons-4.1.0.jar:/home/dell-l-58/.m2/repository/org/springframework/security/spring-security-crypto/6.4.6/spring-security-crypto-6.4.6.jar:/home/dell-l-58/.m2/repository/io/github/openfeign/feign-core/13.1/feign-core-13.1.jar:/home/dell-l-58/.m2/repository/io/github/openfeign/feign-slf4j/13.1/feign-slf4j-13.1.jar:/home/dell-l-58/.m2/repository/org/springframework/boot/spring-boot-starter-test/3.4.6/spring-boot-starter-test-3.4.6.jar:/home/dell-l-58/.m2/repository/org/springframework/boot/spring-boot-test/3.4.6/spring-boot-test-3.4.6.jar:/home/dell-l-58/.m2/repository/org/springframework/boot/spring-boot-test-autoconfigure/3.4.6/spring-boot-test-autoconfigure-3.4.6.jar:/home/dell-l-58/.m2/repository/com/jayway/jsonpath/json-path/2.9.0/json-path-2.9.0.jar:/home/dell-l-58/.m2/repository/jakarta/xml/bind/jakarta.xml.bind-api/4.0.2/jakarta.xml.bind-api-4.0.2.jar:/home/dell-l-58/.m2/repository/jakarta/activation/jakarta.activation-api/2.1.3/jakarta.activation-api-2.1.3.jar:/home/dell-l-58/.m2/repository/net/minidev/json-smart/2.5.2/json-smart-2.5.2.jar:/home/dell-l-58/.m2/repository/net/minidev/accessors-smart/2.5.2/accessors-smart-2.5.2.jar:/home/dell-l-58/.m2/repository/org/ow2/asm/asm/9.7.1/asm-9.7.1.jar:/home/dell-l-58/.m2/repository/org/assertj/assertj-core/3.26.3/assertj-core-3.26.3.jar:/home/dell-l-58/.m2/repository/org/awaitility/awaitility/4.2.2/awaitility-4.2.2.jar:/home/dell-l-58/.m2/repository/org/hamcrest/hamcrest/2.2/hamcrest-2.2.jar:/home/dell-l-58/.m2/repository/org/junit/jupiter/junit-jupiter/5.11.4/junit-jupiter-5.11.4.jar:/home/dell-l-58/.m2/repository/org/junit/jupiter/junit-jupiter-api/5.11.4/junit-jupiter-api-5.11.4.jar:/home/dell-l-58/.m2/repository/org/opentest4j/opentest4j/1.3.0/opentest4j-1.3.0.jar:/home/dell-l-58/.m2/repository/org/junit/platform/junit-platform-commons/1.11.4/junit-platform-commons-1.11.4.jar:/home/dell-l-58/.m2/repository/org/apiguardian/apiguardian-api/1.1.2/apiguardian-api-1.1.2.jar:/home/dell-l-58/.m2/repository/org/junit/jupiter/junit-jupiter-params/5.11.4/junit-jupiter-params-5.11.4.jar:/home/dell-l-58/.m2/repository/org/junit/jupiter/junit-jupiter-engine/5.11.4/junit-jupiter-engine-5.11.4.jar:/home/dell-l-58/.m2/repository/org/junit/platform/junit-platform-engine/1.11.4/junit-platform-engine-1.11.4.jar:/home/dell-l-58/.m2/repository/org/mockito/mockito-core/5.14.2/mockito-core-5.14.2.jar:/home/dell-l-58/.m2/repository/net/bytebuddy/byte-buddy-agent/1.15.11/byte-buddy-agent-1.15.11.jar:/home/dell-l-58/.m2/repository/org/objenesis/objenesis/3.3/objenesis-3.3.jar:/home/dell-l-58/.m2/repository/org/mockito/mockito-junit-jupiter/5.14.2/mockito-junit-jupiter-5.14.2.jar:/home/dell-l-58/.m2/repository/org/skyscreamer/jsonassert/1.5.3/jsonassert-1.5.3.jar:/home/dell-l-58/.m2/repository/com/vaadin/external/google/android-json/0.0.20131108.vaadin1/android-json-0.0.20131108.vaadin1.jar:/home/dell-l-58/.m2/repository/org/springframework/spring-core/6.2.7/spring-core-6.2.7.jar:/home/dell-l-58/.m2/repository/org/springframework/spring-jcl/6.2.7/spring-jcl-6.2.7.jar:/home/dell-l-58/.m2/repository/org/springframework/spring-test/6.2.7/spring-test-6.2.7.jar:/home/dell-l-58/.m2/repository/org/xmlunit/xmlunit-core/2.10.1/xmlunit-core-2.10.1.jar:"/>
    <property name="sun.cpu.endian" value="little"/>
    <property name="user.home" value="/home/dell-l-58"/>
    <property name="user.language" value="en"/>
    <property name="java.specification.vendor" value="Oracle Corporation"/>
    <property name="java.version.date" value="2025-04-15"/>
    <property name="java.home" value="/usr/lib/jvm/java-17-openjdk-amd64"/>
    <property name="file.separator" value="/"/>
    <property name="basedir" value="/home/dell-l-58/Desktop/order-service"/>
    <property name="java.vm.compressedOopsMode" value="Zero based"/>
    <property name="line.separator" value="&#10;"/>
    <property name="java.vm.specification.vendor" value="Oracle Corporation"/>
    <property name="java.specification.name" value="Java Platform API Specification"/>
    <property name="surefire.real.class.path" value="/home/dell-l-58/Desktop/order-service/target/surefire/surefirebooter-20250606171656013_3.jar"/>
    <property name="sun.management.compiler" value="HotSpot 64-Bit Tiered Compilers"/>
    <property name="java.runtime.version" value="17.0.15+6-Ubuntu-0ubuntu120.04"/>
    <property name="user.name" value="dell-l-58"/>
    <property name="path.separator" value=":"/>
    <property name="os.version" value="5.15.0-67-generic"/>
    <property name="java.runtime.name" value="OpenJDK Runtime Environment"/>
    <property name="file.encoding" value="UTF-8"/>
    <property name="java.vm.name" value="OpenJDK 64-Bit Server VM"/>
    <property name="localRepository" value="/home/dell-l-58/.m2/repository"/>
    <property name="java.vendor.url.bug" value="https://bugs.launchpad.net/ubuntu/+source/openjdk-17"/>
    <property name="java.io.tmpdir" value="/tmp"/>
    <property name="idea.version" value="2025.1.2"/>
    <property name="java.version" value="17.0.15"/>
    <property name="user.dir" value="/home/dell-l-58/Desktop/order-service"/>
    <property name="os.arch" value="amd64"/>
    <property name="java.vm.specification.name" value="Java Virtual Machine Specification"/>
    <property name="native.encoding" value="UTF-8"/>
    <property name="java.library.path" value="/usr/java/packages/lib:/usr/lib/x86_64-linux-gnu/jni:/lib/x86_64-linux-gnu:/usr/lib/x86_64-linux-gnu:/usr/lib/jni:/lib:/usr/lib"/>
    <property name="java.vm.info" value="mixed mode, sharing"/>
    <property name="java.vendor" value="Ubuntu"/>
    <property name="java.vm.version" value="17.0.15+6-Ubuntu-0ubuntu120.04"/>
    <property name="java.specification.maintenance.version" value="1"/>
    <property name="sun.io.unicode.encoding" value="UnicodeLittle"/>
    <property name="java.class.version" value="61.0"/>
  </properties>
  <testcase name="" classname="com.example.order_service.OrderServiceApplicationTests" time="0.24">
    <error message="Unable to find a @SpringBootConfiguration by searching packages upwards from the test. You can use @ContextConfiguration, @SpringBootTest(classes=...) or other Spring Test supported mechanisms to explicitly declare the configuration classes to load. Classes annotated with @TestConfiguration are not considered." type="java.lang.IllegalStateException"><![CDATA[java.lang.IllegalStateException: Unable to find a @SpringBootConfiguration by searching packages upwards from the test. You can use @ContextConfiguration, @SpringBootTest(classes=...) or other Spring Test supported mechanisms to explicitly declare the configuration classes to load. Classes annotated with @TestConfiguration are not considered.
	at org.springframework.util.Assert.state(Assert.java:79)
	at org.springframework.boot.test.context.SpringBootTestContextBootstrapper.findConfigurationClass(SpringBootTestContextBootstrapper.java:246)
	at org.springframework.boot.test.context.SpringBootTestContextBootstrapper.getOrFindConfigurationClasses(SpringBootTestContextBootstrapper.java:233)
	at org.springframework.boot.test.context.SpringBootTestContextBootstrapper.processMergedContextConfiguration(SpringBootTestContextBootstrapper.java:150)
	at org.springframework.test.context.support.AbstractTestContextBootstrapper.buildMergedContextConfiguration(AbstractTestContextBootstrapper.java:351)
	at org.springframework.test.context.support.AbstractTestContextBootstrapper.buildDefaultMergedContextConfiguration(AbstractTestContextBootstrapper.java:267)
	at org.springframework.test.context.support.AbstractTestContextBootstrapper.buildMergedContextConfiguration(AbstractTestContextBootstrapper.java:215)
	at org.springframework.test.context.support.AbstractTestContextBootstrapper.buildTestContext(AbstractTestContextBootstrapper.java:108)
	at org.springframework.boot.test.context.SpringBootTestContextBootstrapper.buildTestContext(SpringBootTestContextBootstrapper.java:111)
	at org.springframework.test.context.TestContextManager.<init>(TestContextManager.java:142)
	at org.springframework.test.context.TestContextManager.<init>(TestContextManager.java:126)
	at org.springframework.test.context.junit.jupiter.SpringExtension.getTestContextManager(SpringExtension.java:362)
	at org.springframework.test.context.junit.jupiter.SpringExtension.beforeAll(SpringExtension.java:128)
	at java.base/java.util.ArrayList.forEach(ArrayList.java:1511)
]]></error>
    <system-out><![CDATA[17:16:56.698 [main] INFO org.springframework.test.context.support.AnnotationConfigContextLoaderUtils -- Could not detect default configuration classes for test class [com.example.order_service.OrderServiceApplicationTests]: OrderServiceApplicationTests does not declare any static, non-private, non-final, nested classes annotated with @Configuration.
]]></system-out>
  </testcase>
</testsuite>